#
# There is insufficient memory for the Java Runtime Environment to continue.
# Native memory allocation (malloc) failed to allocate 2844624 bytes. Error detail: Chunk::new
# Possible reasons:
#   The system is out of physical RAM or swap space
#   This process is running with CompressedOops enabled, and the Java Heap may be blocking the growth of the native heap
# Possible solutions:
#   Reduce memory load on the system
#   Increase physical memory or swap space
#   Check if swap backing store is full
#   Decrease Java heap size (-Xmx/-Xms)
#   Decrease number of Java threads
#   Decrease Java thread stack sizes (-Xss)
#   Set larger code cache with -XX:ReservedCodeCacheSize=
#   JVM is running with Zero Based Compressed Oops mode in which the Java heap is
#     placed in the first 32GB address space. The Java Heap base address is the
#     maximum limit for the native heap growth. Please use -XX:HeapBaseMinAddress
#     to set the Java Heap base and to place the Java Heap above 32GB virtual address.
# This output file may be truncated or incomplete.
#
#  Out of Memory Error (arena.cpp:162), pid=17516, tid=12224
#
# JRE version: Java(TM) SE Runtime Environment (24.0.1+9) (build 24.0.1+9-30)
# Java VM: Java HotSpot(TM) 64-Bit Server VM (24.0.1+9-30, mixed mode, sharing, tiered, compressed oops, compressed class ptrs, g1 gc, windows-amd64)
# No core dump will be written. Minidumps are not enabled by default on client versions of Windows
#

---------------  S U M M A R Y ------------

Command Line: --add-opens=java.base/java.lang=ALL-UNNAMED --add-opens=java.base/java.lang.invoke=ALL-UNNAMED --add-opens=java.base/java.util=ALL-UNNAMED --add-opens=java.prefs/java.util.prefs=ALL-UNNAMED --add-exports=jdk.compiler/com.sun.tools.javac.api=ALL-UNNAMED --add-exports=jdk.compiler/com.sun.tools.javac.util=ALL-UNNAMED --add-opens=java.base/java.util=ALL-UNNAMED --add-opens=java.prefs/java.util.prefs=ALL-UNNAMED --add-opens=java.base/java.nio.charset=ALL-UNNAMED --add-opens=java.base/java.net=ALL-UNNAMED --add-opens=java.base/java.util.concurrent.atomic=ALL-UNNAMED --add-opens=java.xml/javax.xml.namespace=ALL-UNNAMED -XX:+HeapDumpOnOutOfMemoryError -Xmx4096m -Dfile.encoding=UTF-8 -Duser.country=US -Duser.language=en -Duser.variant -javaagent:C:\Users\sandya\.gradle\wrapper\dists\gradle-8.11.1-bin\bpt9gzteqjrbo1mjrsomdt32c\gradle-8.11.1\lib\agents\gradle-instrumentation-agent-8.11.1.jar org.gradle.launcher.daemon.bootstrap.GradleDaemon 8.11.1

Host: Intel(R) Core(TM) i5-8400 CPU @ 2.80GHz, 6 cores, 15G,  Windows 11 , 64 bit Build 22621 (10.0.22621.5262)
Time: Tue Jun 17 20:40:22 2025 SE Asia Standard Time elapsed time: 2.486800 seconds (0d 0h 0m 2s)

---------------  T H R E A D  ---------------

Current thread (0x000001a1305cc5f0):  JavaThread "C2 CompilerThread0" daemon [_thread_in_native, id=12224, stack(0x000000707bd00000,0x000000707be00000) (1024K)]


Current CompileTask:
C2:2486 2673   !   4       java.util.zip.InflaterInputStream::read (129 bytes)

Stack: [0x000000707bd00000,0x000000707be00000]
Native frames: (J=compiled Java code, j=interpreted, Vv=VM code, C=native code)
V  [jvm.dll+0x730739]  (no source info available)
V  [jvm.dll+0x8d9b23]  (no source info available)
V  [jvm.dll+0x8dc00d]  (no source info available)
V  [jvm.dll+0x8dc683]  (no source info available)
V  [jvm.dll+0x2aa086]  (no source info available)
V  [jvm.dll+0xcedef]  (no source info available)
V  [jvm.dll+0xcf04f]  (no source info available)
V  [jvm.dll+0x154d83]  (no source info available)
V  [jvm.dll+0x735f5f]  (no source info available)
V  [jvm.dll+0x26fa1c]  (no source info available)
V  [jvm.dll+0x26ea3f]  (no source info available)
V  [jvm.dll+0x1e9d60]  (no source info available)
V  [jvm.dll+0x27e1fb]  (no source info available)
V  [jvm.dll+0x27c49a]  (no source info available)
V  [jvm.dll+0x42f456]  (no source info available)
V  [jvm.dll+0x87d76b]  (no source info available)
V  [jvm.dll+0x72ee55]  (no source info available)
C  [ucrtbase.dll+0x29333]  (no source info available)
C  [KERNEL32.DLL+0x1259d]  (no source info available)
C  [ntdll.dll+0x5af58]  (no source info available)

Lock stack of current Java thread (top to bottom):


---------------  P R O C E S S  ---------------

Threads class SMR info:
_java_thread_list=0x000001a177979330, length=22, elements={
0x000001a111707070, 0x000001a1305c3850, 0x000001a1305c5850, 0x000001a1305c9600,
0x000001a1305ca130, 0x000001a1305cac60, 0x000001a1305cb790, 0x000001a1305cc5f0,
0x000001a1305dd5a0, 0x000001a130bf80f0, 0x000001a130c64690, 0x000001a1761f9c40,
0x000001a1777597f0, 0x000001a177835d70, 0x000001a177a92d40, 0x000001a17790a080,
0x000001a17790a7c0, 0x000001a177a70da0, 0x000001a177a70650, 0x000001a177a714f0,
0x000001a177a71c40, 0x000001a177a72390
}

Java Threads: ( => current thread )
  0x000001a111707070 JavaThread "main"                              [_thread_blocked, id=6040, stack(0x000000707af00000,0x000000707b000000) (1024K)]
  0x000001a1305c3850 JavaThread "Reference Handler"          daemon [_thread_blocked, id=18588, stack(0x000000707b700000,0x000000707b800000) (1024K)]
  0x000001a1305c5850 JavaThread "Finalizer"                  daemon [_thread_blocked, id=11768, stack(0x000000707b800000,0x000000707b900000) (1024K)]
  0x000001a1305c9600 JavaThread "Signal Dispatcher"          daemon [_thread_blocked, id=2424, stack(0x000000707b900000,0x000000707ba00000) (1024K)]
  0x000001a1305ca130 JavaThread "Attach Listener"            daemon [_thread_blocked, id=22712, stack(0x000000707ba00000,0x000000707bb00000) (1024K)]
  0x000001a1305cac60 JavaThread "Service Thread"             daemon [_thread_blocked, id=8000, stack(0x000000707bb00000,0x000000707bc00000) (1024K)]
  0x000001a1305cb790 JavaThread "Monitor Deflation Thread"   daemon [_thread_blocked, id=12516, stack(0x000000707bc00000,0x000000707bd00000) (1024K)]
=>0x000001a1305cc5f0 JavaThread "C2 CompilerThread0"         daemon [_thread_in_native, id=12224, stack(0x000000707bd00000,0x000000707be00000) (1024K)]
  0x000001a1305dd5a0 JavaThread "C1 CompilerThread0"         daemon [_thread_blocked, id=25176, stack(0x000000707be00000,0x000000707bf00000) (1024K)]
  0x000001a130bf80f0 JavaThread "Common-Cleaner"             daemon [_thread_blocked, id=5144, stack(0x000000707bf00000,0x000000707c000000) (1024K)]
  0x000001a130c64690 JavaThread "Notification Thread"        daemon [_thread_blocked, id=9364, stack(0x000000707c000000,0x000000707c100000) (1024K)]
  0x000001a1761f9c40 JavaThread "C2 CompilerThread1"         daemon [_thread_in_native, id=14676, stack(0x000000707c100000,0x000000707c200000) (1024K)]
  0x000001a1777597f0 JavaThread "Daemon health stats"               [_thread_blocked, id=11104, stack(0x000000707c700000,0x000000707c800000) (1024K)]
  0x000001a177835d70 JavaThread "Incoming local TCP Connector on port 53674"        [_thread_in_native, id=3224, stack(0x000000707c800000,0x000000707c900000) (1024K)]
  0x000001a177a92d40 JavaThread "Daemon periodic checks"            [_thread_blocked, id=8668, stack(0x000000707c900000,0x000000707ca00000) (1024K)]
  0x000001a17790a080 JavaThread "Daemon"                            [_thread_blocked, id=6124, stack(0x000000707ca00000,0x000000707cb00000) (1024K)]
  0x000001a17790a7c0 JavaThread "Handler for socket connection from /127.0.0.1:53674 to /127.0.0.1:53675"        [_thread_in_native, id=20848, stack(0x000000707cb00000,0x000000707cc00000) (1024K)]
  0x000001a177a70da0 JavaThread "Cancel handler"                    [_thread_blocked, id=8564, stack(0x000000707cc00000,0x000000707cd00000) (1024K)]
  0x000001a177a70650 JavaThread "Daemon worker"                     [_thread_in_vm, id=15604, stack(0x000000707cd00000,0x000000707ce00000) (1024K)]
  0x000001a177a714f0 JavaThread "Asynchronous log dispatcher for DefaultDaemonConnection: socket connection from /127.0.0.1:53674 to /127.0.0.1:53675"        [_thread_blocked, id=8972, stack(0x000000707ce00000,0x000000707cf00000) (1024K)]
  0x000001a177a71c40 JavaThread "Stdin handler"                     [_thread_blocked, id=20640, stack(0x000000707cf00000,0x000000707d000000) (1024K)]
  0x000001a177a72390 JavaThread "Daemon client event forwarder"        [_thread_blocked, id=4796, stack(0x000000707d000000,0x000000707d100000) (1024K)]
Total: 22

Other Threads:
  0x000001a1305af420 VMThread "VM Thread"                           [id=7912, stack(0x000000707b600000,0x000000707b700000) (1024K)]
  0x000001a1305a07f0 WatcherThread "VM Periodic Task Thread"        [id=6988, stack(0x000000707b500000,0x000000707b600000) (1024K)]
  0x000001a111770160 WorkerThread "GC Thread#0"                     [id=13508, stack(0x000000707b000000,0x000000707b100000) (1024K)]
  0x000001a176d81e20 WorkerThread "GC Thread#1"                     [id=22884, stack(0x000000707c200000,0x000000707c300000) (1024K)]
  0x000001a176d821d0 WorkerThread "GC Thread#2"                     [id=16152, stack(0x000000707c300000,0x000000707c400000) (1024K)]
  0x000001a176c44660 WorkerThread "GC Thread#3"                     [id=21760, stack(0x000000707c400000,0x000000707c500000) (1024K)]
  0x000001a176d830e0 WorkerThread "GC Thread#4"                     [id=2188, stack(0x000000707c500000,0x000000707c600000) (1024K)]
  0x000001a176d83fa0 WorkerThread "GC Thread#5"                     [id=11124, stack(0x000000707c600000,0x000000707c700000) (1024K)]
  0x000001a10f3ae3a0 ConcurrentGCThread "G1 Main Marker"            [id=18000, stack(0x000000707b100000,0x000000707b200000) (1024K)]
  0x000001a111780f60 WorkerThread "G1 Conc#0"                       [id=12396, stack(0x000000707b200000,0x000000707b300000) (1024K)]
  0x000001a1117be8e0 ConcurrentGCThread "G1 Refine#0"               [id=23672, stack(0x000000707b300000,0x000000707b400000) (1024K)]
  0x000001a130473350 ConcurrentGCThread "G1 Service"                [id=508, stack(0x000000707b400000,0x000000707b500000) (1024K)]
Total: 12

Threads with active compile tasks:
C2 CompilerThread0  2601 2673   !   4       java.util.zip.InflaterInputStream::read (129 bytes)
C2 CompilerThread1  2601 2762       4       jdk.internal.classfile.impl.SplitConstantPool::classEntryForClassOrInterface (111 bytes)
Total: 2

VM state: not at safepoint (normal execution)

VM Mutex/Monitor currently owned by a thread: None

Heap address: 0x0000000700000000, size: 4096 MB, Compressed Oops mode: Zero based, Oop shift amount: 3

CDS archive(s) mapped at: [0x000001a131000000-0x000001a131d40000-0x000001a131d40000), size 13893632, SharedBaseAddress: 0x000001a131000000, ArchiveRelocationMode: 1.
Compressed class space mapped at: 0x000001a132000000-0x000001a172000000, reserved size: 1073741824
UseCompressedClassPointers 1, UseCompactObjectHeaders 0
Narrow klass pointer bits 32, Max shift 3
Narrow klass base: 0x000001a131000000, Narrow klass shift: 0
Encoding Range: [0x000001a131000000 - 0x000001a231000000), (4294967296 bytes)
Klass Range:    [0x000001a131000000 - 0x000001a172000000), (1090519040 bytes)
Klass ID Range:  [8 - 1090519033) (1090519025)

GC Precious Log:
 CardTable entry size: 512
 Card Set container configuration: InlinePtr #cards 4 size 8 Array Of Cards #cards 16 size 48 Howl #buckets 8 coarsen threshold 3686 Howl Bitmap #cards 512 size 80 coarsen threshold 460 Card regions per heap region 1 cards per card region 4096
 CPUs: 6 total, 6 available
 Memory: 16318M
 Large Page Support: Disabled
 NUMA Support: Disabled
 Compressed Oops: Enabled (Zero based)
 Heap Region Size: 2M
 Heap Min Capacity: 8M
 Heap Initial Capacity: 256M
 Heap Max Capacity: 4G
 Pre-touch: Disabled
 Parallel Workers: 6
 Concurrent Workers: 2
 Concurrent Refinement Workers: 6
 Periodic GC: Disabled

Heap:
 garbage-first heap   total reserved 4194304K, committed 264192K, used 110280K [0x0000000700000000, 0x0000000800000000)
  region size 2048K, 53 young (108544K), 3 survivors (6144K)
 Metaspace       used 13851K, committed 14272K, reserved 1114112K
  class space    used 1443K, committed 1600K, reserved 1048576K

Heap Regions: E=young(eden), S=young(survivor), O=old, HS=humongous(starts), HC=humongous(continues), CS=collection set, F=free, TAMS=top-at-mark-start, PB=parsable bottom
|   0|0x0000000700000000, 0x0000000700200000, 0x0000000700200000|100%|HS|  |TAMS 0x0000000700000000| PB 0x0000000700000000| Complete |  0
|   1|0x0000000700200000, 0x0000000700400000, 0x0000000700400000|100%|HC|  |TAMS 0x0000000700200000| PB 0x0000000700200000| Complete |  0
|   2|0x0000000700400000, 0x0000000700495070, 0x0000000700600000| 29%| O|  |TAMS 0x0000000700400000| PB 0x0000000700400000| Untracked |  0
|   3|0x0000000700600000, 0x0000000700600000, 0x0000000700800000|  0%| F|  |TAMS 0x0000000700600000| PB 0x0000000700600000| Untracked |  0
|   4|0x0000000700800000, 0x0000000700800000, 0x0000000700a00000|  0%| F|  |TAMS 0x0000000700800000| PB 0x0000000700800000| Untracked |  0
|   5|0x0000000700a00000, 0x0000000700a00000, 0x0000000700c00000|  0%| F|  |TAMS 0x0000000700a00000| PB 0x0000000700a00000| Untracked |  0
|   6|0x0000000700c00000, 0x0000000700c00000, 0x0000000700e00000|  0%| F|  |TAMS 0x0000000700c00000| PB 0x0000000700c00000| Untracked |  0
|   7|0x0000000700e00000, 0x0000000700e00000, 0x0000000701000000|  0%| F|  |TAMS 0x0000000700e00000| PB 0x0000000700e00000| Untracked |  0
|   8|0x0000000701000000, 0x0000000701000000, 0x0000000701200000|  0%| F|  |TAMS 0x0000000701000000| PB 0x0000000701000000| Untracked |  0
|   9|0x0000000701200000, 0x0000000701200000, 0x0000000701400000|  0%| F|  |TAMS 0x0000000701200000| PB 0x0000000701200000| Untracked |  0
|  10|0x0000000701400000, 0x0000000701400000, 0x0000000701600000|  0%| F|  |TAMS 0x0000000701400000| PB 0x0000000701400000| Untracked |  0
|  11|0x0000000701600000, 0x0000000701600000, 0x0000000701800000|  0%| F|  |TAMS 0x0000000701600000| PB 0x0000000701600000| Untracked |  0
|  12|0x0000000701800000, 0x0000000701800000, 0x0000000701a00000|  0%| F|  |TAMS 0x0000000701800000| PB 0x0000000701800000| Untracked |  0
|  13|0x0000000701a00000, 0x0000000701a00000, 0x0000000701c00000|  0%| F|  |TAMS 0x0000000701a00000| PB 0x0000000701a00000| Untracked |  0
|  14|0x0000000701c00000, 0x0000000701c00000, 0x0000000701e00000|  0%| F|  |TAMS 0x0000000701c00000| PB 0x0000000701c00000| Untracked |  0
|  15|0x0000000701e00000, 0x0000000701e00000, 0x0000000702000000|  0%| F|  |TAMS 0x0000000701e00000| PB 0x0000000701e00000| Untracked |  0
|  16|0x0000000702000000, 0x0000000702000000, 0x0000000702200000|  0%| F|  |TAMS 0x0000000702000000| PB 0x0000000702000000| Untracked |  0
|  17|0x0000000702200000, 0x0000000702200000, 0x0000000702400000|  0%| F|  |TAMS 0x0000000702200000| PB 0x0000000702200000| Untracked |  0
|  18|0x0000000702400000, 0x0000000702400000, 0x0000000702600000|  0%| F|  |TAMS 0x0000000702400000| PB 0x0000000702400000| Untracked |  0
|  19|0x0000000702600000, 0x0000000702600000, 0x0000000702800000|  0%| F|  |TAMS 0x0000000702600000| PB 0x0000000702600000| Untracked |  0
|  20|0x0000000702800000, 0x0000000702800000, 0x0000000702a00000|  0%| F|  |TAMS 0x0000000702800000| PB 0x0000000702800000| Untracked |  0
|  21|0x0000000702a00000, 0x0000000702a00000, 0x0000000702c00000|  0%| F|  |TAMS 0x0000000702a00000| PB 0x0000000702a00000| Untracked |  0
|  22|0x0000000702c00000, 0x0000000702c00000, 0x0000000702e00000|  0%| F|  |TAMS 0x0000000702c00000| PB 0x0000000702c00000| Untracked |  0
|  23|0x0000000702e00000, 0x0000000702e00000, 0x0000000703000000|  0%| F|  |TAMS 0x0000000702e00000| PB 0x0000000702e00000| Untracked |  0
|  24|0x0000000703000000, 0x0000000703000000, 0x0000000703200000|  0%| F|  |TAMS 0x0000000703000000| PB 0x0000000703000000| Untracked |  0
|  25|0x0000000703200000, 0x0000000703200000, 0x0000000703400000|  0%| F|  |TAMS 0x0000000703200000| PB 0x0000000703200000| Untracked |  0
|  26|0x0000000703400000, 0x0000000703400000, 0x0000000703600000|  0%| F|  |TAMS 0x0000000703400000| PB 0x0000000703400000| Untracked |  0
|  27|0x0000000703600000, 0x0000000703600000, 0x0000000703800000|  0%| F|  |TAMS 0x0000000703600000| PB 0x0000000703600000| Untracked |  0
|  28|0x0000000703800000, 0x0000000703800000, 0x0000000703a00000|  0%| F|  |TAMS 0x0000000703800000| PB 0x0000000703800000| Untracked |  0
|  29|0x0000000703a00000, 0x0000000703a00000, 0x0000000703c00000|  0%| F|  |TAMS 0x0000000703a00000| PB 0x0000000703a00000| Untracked |  0
|  30|0x0000000703c00000, 0x0000000703c00000, 0x0000000703e00000|  0%| F|  |TAMS 0x0000000703c00000| PB 0x0000000703c00000| Untracked |  0
|  31|0x0000000703e00000, 0x0000000703e00000, 0x0000000704000000|  0%| F|  |TAMS 0x0000000703e00000| PB 0x0000000703e00000| Untracked |  0
|  32|0x0000000704000000, 0x0000000704000000, 0x0000000704200000|  0%| F|  |TAMS 0x0000000704000000| PB 0x0000000704000000| Untracked |  0
|  33|0x0000000704200000, 0x0000000704200000, 0x0000000704400000|  0%| F|  |TAMS 0x0000000704200000| PB 0x0000000704200000| Untracked |  0
|  34|0x0000000704400000, 0x0000000704400000, 0x0000000704600000|  0%| F|  |TAMS 0x0000000704400000| PB 0x0000000704400000| Untracked |  0
|  35|0x0000000704600000, 0x0000000704600000, 0x0000000704800000|  0%| F|  |TAMS 0x0000000704600000| PB 0x0000000704600000| Untracked |  0
|  36|0x0000000704800000, 0x0000000704800000, 0x0000000704a00000|  0%| F|  |TAMS 0x0000000704800000| PB 0x0000000704800000| Untracked |  0
|  37|0x0000000704a00000, 0x0000000704a00000, 0x0000000704c00000|  0%| F|  |TAMS 0x0000000704a00000| PB 0x0000000704a00000| Untracked |  0
|  38|0x0000000704c00000, 0x0000000704c00000, 0x0000000704e00000|  0%| F|  |TAMS 0x0000000704c00000| PB 0x0000000704c00000| Untracked |  0
|  39|0x0000000704e00000, 0x0000000704e00000, 0x0000000705000000|  0%| F|  |TAMS 0x0000000704e00000| PB 0x0000000704e00000| Untracked |  0
|  40|0x0000000705000000, 0x0000000705000000, 0x0000000705200000|  0%| F|  |TAMS 0x0000000705000000| PB 0x0000000705000000| Untracked |  0
|  41|0x0000000705200000, 0x0000000705200000, 0x0000000705400000|  0%| F|  |TAMS 0x0000000705200000| PB 0x0000000705200000| Untracked |  0
|  42|0x0000000705400000, 0x0000000705400000, 0x0000000705600000|  0%| F|  |TAMS 0x0000000705400000| PB 0x0000000705400000| Untracked |  0
|  43|0x0000000705600000, 0x0000000705600000, 0x0000000705800000|  0%| F|  |TAMS 0x0000000705600000| PB 0x0000000705600000| Untracked |  0
|  44|0x0000000705800000, 0x0000000705800000, 0x0000000705a00000|  0%| F|  |TAMS 0x0000000705800000| PB 0x0000000705800000| Untracked |  0
|  45|0x0000000705a00000, 0x0000000705a00000, 0x0000000705c00000|  0%| F|  |TAMS 0x0000000705a00000| PB 0x0000000705a00000| Untracked |  0
|  46|0x0000000705c00000, 0x0000000705c00000, 0x0000000705e00000|  0%| F|  |TAMS 0x0000000705c00000| PB 0x0000000705c00000| Untracked |  0
|  47|0x0000000705e00000, 0x0000000705e00000, 0x0000000706000000|  0%| F|  |TAMS 0x0000000705e00000| PB 0x0000000705e00000| Untracked |  0
|  48|0x0000000706000000, 0x0000000706000000, 0x0000000706200000|  0%| F|  |TAMS 0x0000000706000000| PB 0x0000000706000000| Untracked |  0
|  49|0x0000000706200000, 0x0000000706200000, 0x0000000706400000|  0%| F|  |TAMS 0x0000000706200000| PB 0x0000000706200000| Untracked |  0
|  50|0x0000000706400000, 0x0000000706400000, 0x0000000706600000|  0%| F|  |TAMS 0x0000000706400000| PB 0x0000000706400000| Untracked |  0
|  51|0x0000000706600000, 0x0000000706600000, 0x0000000706800000|  0%| F|  |TAMS 0x0000000706600000| PB 0x0000000706600000| Untracked |  0
|  52|0x0000000706800000, 0x0000000706800000, 0x0000000706a00000|  0%| F|  |TAMS 0x0000000706800000| PB 0x0000000706800000| Untracked |  0
|  53|0x0000000706a00000, 0x0000000706a00000, 0x0000000706c00000|  0%| F|  |TAMS 0x0000000706a00000| PB 0x0000000706a00000| Untracked |  0
|  54|0x0000000706c00000, 0x0000000706c00000, 0x0000000706e00000|  0%| F|  |TAMS 0x0000000706c00000| PB 0x0000000706c00000| Untracked |  0
|  55|0x0000000706e00000, 0x0000000706e00000, 0x0000000707000000|  0%| F|  |TAMS 0x0000000706e00000| PB 0x0000000706e00000| Untracked |  0
|  56|0x0000000707000000, 0x0000000707000000, 0x0000000707200000|  0%| F|  |TAMS 0x0000000707000000| PB 0x0000000707000000| Untracked |  0
|  57|0x0000000707200000, 0x0000000707200000, 0x0000000707400000|  0%| F|  |TAMS 0x0000000707200000| PB 0x0000000707200000| Untracked |  0
|  58|0x0000000707400000, 0x0000000707400000, 0x0000000707600000|  0%| F|  |TAMS 0x0000000707400000| PB 0x0000000707400000| Untracked |  0
|  59|0x0000000707600000, 0x0000000707600000, 0x0000000707800000|  0%| F|  |TAMS 0x0000000707600000| PB 0x0000000707600000| Untracked |  0
|  60|0x0000000707800000, 0x0000000707800000, 0x0000000707a00000|  0%| F|  |TAMS 0x0000000707800000| PB 0x0000000707800000| Untracked |  0
|  61|0x0000000707a00000, 0x0000000707a00000, 0x0000000707c00000|  0%| F|  |TAMS 0x0000000707a00000| PB 0x0000000707a00000| Untracked |  0
|  62|0x0000000707c00000, 0x0000000707c00000, 0x0000000707e00000|  0%| F|  |TAMS 0x0000000707c00000| PB 0x0000000707c00000| Untracked |  0
|  63|0x0000000707e00000, 0x0000000707e00000, 0x0000000708000000|  0%| F|  |TAMS 0x0000000707e00000| PB 0x0000000707e00000| Untracked |  0
|  64|0x0000000708000000, 0x0000000708000000, 0x0000000708200000|  0%| F|  |TAMS 0x0000000708000000| PB 0x0000000708000000| Untracked |  0
|  65|0x0000000708200000, 0x0000000708200000, 0x0000000708400000|  0%| F|  |TAMS 0x0000000708200000| PB 0x0000000708200000| Untracked |  0
|  66|0x0000000708400000, 0x0000000708400000, 0x0000000708600000|  0%| F|  |TAMS 0x0000000708400000| PB 0x0000000708400000| Untracked |  0
|  67|0x0000000708600000, 0x0000000708600000, 0x0000000708800000|  0%| F|  |TAMS 0x0000000708600000| PB 0x0000000708600000| Untracked |  0
|  68|0x0000000708800000, 0x0000000708800000, 0x0000000708a00000|  0%| F|  |TAMS 0x0000000708800000| PB 0x0000000708800000| Untracked |  0
|  69|0x0000000708a00000, 0x0000000708a00000, 0x0000000708c00000|  0%| F|  |TAMS 0x0000000708a00000| PB 0x0000000708a00000| Untracked |  0
|  70|0x0000000708c00000, 0x0000000708c00000, 0x0000000708e00000|  0%| F|  |TAMS 0x0000000708c00000| PB 0x0000000708c00000| Untracked |  0
|  71|0x0000000708e00000, 0x0000000708e00000, 0x0000000709000000|  0%| F|  |TAMS 0x0000000708e00000| PB 0x0000000708e00000| Untracked |  0
|  72|0x0000000709000000, 0x0000000709000000, 0x0000000709200000|  0%| F|  |TAMS 0x0000000709000000| PB 0x0000000709000000| Untracked |  0
|  73|0x0000000709200000, 0x0000000709200000, 0x0000000709400000|  0%| F|  |TAMS 0x0000000709200000| PB 0x0000000709200000| Untracked |  0
|  74|0x0000000709400000, 0x0000000709400000, 0x0000000709600000|  0%| F|  |TAMS 0x0000000709400000| PB 0x0000000709400000| Untracked |  0
|  75|0x0000000709600000, 0x0000000709771040, 0x0000000709800000| 72%| E|  |TAMS 0x0000000709600000| PB 0x0000000709600000| Complete |  0
|  76|0x0000000709800000, 0x0000000709a00000, 0x0000000709a00000|100%| E|CS|TAMS 0x0000000709800000| PB 0x0000000709800000| Complete |  0
|  77|0x0000000709a00000, 0x0000000709c00000, 0x0000000709c00000|100%| E|CS|TAMS 0x0000000709a00000| PB 0x0000000709a00000| Complete |  0
|  78|0x0000000709c00000, 0x0000000709e00000, 0x0000000709e00000|100%| E|CS|TAMS 0x0000000709c00000| PB 0x0000000709c00000| Complete |  0
|  79|0x0000000709e00000, 0x000000070a000000, 0x000000070a000000|100%| E|CS|TAMS 0x0000000709e00000| PB 0x0000000709e00000| Complete |  0
|  80|0x000000070a000000, 0x000000070a200000, 0x000000070a200000|100%| E|CS|TAMS 0x000000070a000000| PB 0x000000070a000000| Complete |  0
|  81|0x000000070a200000, 0x000000070a400000, 0x000000070a400000|100%| E|CS|TAMS 0x000000070a200000| PB 0x000000070a200000| Complete |  0
|  82|0x000000070a400000, 0x000000070a600000, 0x000000070a600000|100%| E|CS|TAMS 0x000000070a400000| PB 0x000000070a400000| Complete |  0
|  83|0x000000070a600000, 0x000000070a800000, 0x000000070a800000|100%| E|CS|TAMS 0x000000070a600000| PB 0x000000070a600000| Complete |  0
|  84|0x000000070a800000, 0x000000070aa00000, 0x000000070aa00000|100%| E|CS|TAMS 0x000000070a800000| PB 0x000000070a800000| Complete |  0
|  85|0x000000070aa00000, 0x000000070ac00000, 0x000000070ac00000|100%| E|CS|TAMS 0x000000070aa00000| PB 0x000000070aa00000| Complete |  0
|  86|0x000000070ac00000, 0x000000070ae00000, 0x000000070ae00000|100%| E|CS|TAMS 0x000000070ac00000| PB 0x000000070ac00000| Complete |  0
|  87|0x000000070ae00000, 0x000000070b000000, 0x000000070b000000|100%| E|CS|TAMS 0x000000070ae00000| PB 0x000000070ae00000| Complete |  0
|  88|0x000000070b000000, 0x000000070b200000, 0x000000070b200000|100%| E|CS|TAMS 0x000000070b000000| PB 0x000000070b000000| Complete |  0
|  89|0x000000070b200000, 0x000000070b400000, 0x000000070b400000|100%| E|CS|TAMS 0x000000070b200000| PB 0x000000070b200000| Complete |  0
|  90|0x000000070b400000, 0x000000070b600000, 0x000000070b600000|100%| E|CS|TAMS 0x000000070b400000| PB 0x000000070b400000| Complete |  0
|  91|0x000000070b600000, 0x000000070b800000, 0x000000070b800000|100%| E|CS|TAMS 0x000000070b600000| PB 0x000000070b600000| Complete |  0
|  92|0x000000070b800000, 0x000000070ba00000, 0x000000070ba00000|100%| E|CS|TAMS 0x000000070b800000| PB 0x000000070b800000| Complete |  0
|  93|0x000000070ba00000, 0x000000070bc00000, 0x000000070bc00000|100%| E|CS|TAMS 0x000000070ba00000| PB 0x000000070ba00000| Complete |  0
|  94|0x000000070bc00000, 0x000000070be00000, 0x000000070be00000|100%| E|CS|TAMS 0x000000070bc00000| PB 0x000000070bc00000| Complete |  0
|  95|0x000000070be00000, 0x000000070c000000, 0x000000070c000000|100%| E|CS|TAMS 0x000000070be00000| PB 0x000000070be00000| Complete |  0
|  96|0x000000070c000000, 0x000000070c200000, 0x000000070c200000|100%| E|CS|TAMS 0x000000070c000000| PB 0x000000070c000000| Complete |  0
|  97|0x000000070c200000, 0x000000070c400000, 0x000000070c400000|100%| E|CS|TAMS 0x000000070c200000| PB 0x000000070c200000| Complete |  0
|  98|0x000000070c400000, 0x000000070c600000, 0x000000070c600000|100%| E|CS|TAMS 0x000000070c400000| PB 0x000000070c400000| Complete |  0
|  99|0x000000070c600000, 0x000000070c800000, 0x000000070c800000|100%| E|CS|TAMS 0x000000070c600000| PB 0x000000070c600000| Complete |  0
| 100|0x000000070c800000, 0x000000070ca00000, 0x000000070ca00000|100%| E|CS|TAMS 0x000000070c800000| PB 0x000000070c800000| Complete |  0
| 101|0x000000070ca00000, 0x000000070cc00000, 0x000000070cc00000|100%| E|CS|TAMS 0x000000070ca00000| PB 0x000000070ca00000| Complete |  0
| 102|0x000000070cc00000, 0x000000070ce00000, 0x000000070ce00000|100%| E|CS|TAMS 0x000000070cc00000| PB 0x000000070cc00000| Complete |  0
| 103|0x000000070ce00000, 0x000000070d000000, 0x000000070d000000|100%| S|CS|TAMS 0x000000070ce00000| PB 0x000000070ce00000| Complete |  0
| 104|0x000000070d000000, 0x000000070d200000, 0x000000070d200000|100%| S|CS|TAMS 0x000000070d000000| PB 0x000000070d000000| Complete |  0
| 105|0x000000070d200000, 0x000000070d400000, 0x000000070d400000|100%| S|CS|TAMS 0x000000070d200000| PB 0x000000070d200000| Complete |  0
| 106|0x000000070d400000, 0x000000070d600000, 0x000000070d600000|100%| E|CS|TAMS 0x000000070d400000| PB 0x000000070d400000| Complete |  0
| 107|0x000000070d600000, 0x000000070d800000, 0x000000070d800000|100%| E|CS|TAMS 0x000000070d600000| PB 0x000000070d600000| Complete |  0
| 108|0x000000070d800000, 0x000000070da00000, 0x000000070da00000|100%| E|  |TAMS 0x000000070d800000| PB 0x000000070d800000| Complete |  0
| 109|0x000000070da00000, 0x000000070dc00000, 0x000000070dc00000|100%| E|CS|TAMS 0x000000070da00000| PB 0x000000070da00000| Complete |  0
| 110|0x000000070dc00000, 0x000000070de00000, 0x000000070de00000|100%| E|CS|TAMS 0x000000070dc00000| PB 0x000000070dc00000| Complete |  0
| 111|0x000000070de00000, 0x000000070e000000, 0x000000070e000000|100%| E|CS|TAMS 0x000000070de00000| PB 0x000000070de00000| Complete |  0
| 112|0x000000070e000000, 0x000000070e200000, 0x000000070e200000|100%| E|CS|TAMS 0x000000070e000000| PB 0x000000070e000000| Complete |  0
| 113|0x000000070e200000, 0x000000070e400000, 0x000000070e400000|100%| E|CS|TAMS 0x000000070e200000| PB 0x000000070e200000| Complete |  0
| 114|0x000000070e400000, 0x000000070e600000, 0x000000070e600000|100%| E|CS|TAMS 0x000000070e400000| PB 0x000000070e400000| Complete |  0
| 115|0x000000070e600000, 0x000000070e800000, 0x000000070e800000|100%| E|CS|TAMS 0x000000070e600000| PB 0x000000070e600000| Complete |  0
| 116|0x000000070e800000, 0x000000070ea00000, 0x000000070ea00000|100%| E|CS|TAMS 0x000000070e800000| PB 0x000000070e800000| Complete |  0
| 117|0x000000070ea00000, 0x000000070ec00000, 0x000000070ec00000|100%| E|CS|TAMS 0x000000070ea00000| PB 0x000000070ea00000| Complete |  0
| 118|0x000000070ec00000, 0x000000070ee00000, 0x000000070ee00000|100%| E|CS|TAMS 0x000000070ec00000| PB 0x000000070ec00000| Complete |  0
| 119|0x000000070ee00000, 0x000000070f000000, 0x000000070f000000|100%| E|CS|TAMS 0x000000070ee00000| PB 0x000000070ee00000| Complete |  0
| 120|0x000000070f000000, 0x000000070f200000, 0x000000070f200000|100%| E|CS|TAMS 0x000000070f000000| PB 0x000000070f000000| Complete |  0
| 121|0x000000070f200000, 0x000000070f400000, 0x000000070f400000|100%| E|CS|TAMS 0x000000070f200000| PB 0x000000070f200000| Complete |  0
| 122|0x000000070f400000, 0x000000070f600000, 0x000000070f600000|100%| E|CS|TAMS 0x000000070f400000| PB 0x000000070f400000| Complete |  0
| 123|0x000000070f600000, 0x000000070f800000, 0x000000070f800000|100%| E|CS|TAMS 0x000000070f600000| PB 0x000000070f600000| Complete |  0
| 124|0x000000070f800000, 0x000000070fa00000, 0x000000070fa00000|100%| E|CS|TAMS 0x000000070f800000| PB 0x000000070f800000| Complete |  0
| 125|0x000000070fa00000, 0x000000070fc00000, 0x000000070fc00000|100%| E|CS|TAMS 0x000000070fa00000| PB 0x000000070fa00000| Complete |  0
| 126|0x000000070fc00000, 0x000000070fe00000, 0x000000070fe00000|100%| E|CS|TAMS 0x000000070fc00000| PB 0x000000070fc00000| Complete |  0
| 127|0x000000070fe00000, 0x0000000710000000, 0x0000000710000000|100%| E|CS|TAMS 0x000000070fe00000| PB 0x000000070fe00000| Complete |  0
|2047|0x00000007ffe00000, 0x00000007fff1d1c0, 0x0000000800000000| 55%| O|  |TAMS 0x00000007ffe00000| PB 0x00000007ffe00000| Untracked |  0

Card table byte_map: [0x000001a1299c0000,0x000001a12a1c0000] _byte_map_base: 0x000001a1261c0000

Marking Bits: (CMBitMap*) 0x000001a111770870
 Bits: [0x000001a12a1c0000, 0x000001a12e1c0000)

Polling page: 0x000001a10f590000

Metaspace:

Usage:
  Non-class:     12.12 MB used.
      Class:      1.41 MB used.
       Both:     13.53 MB used.

Virtual space:
  Non-class space:       64.00 MB reserved,      12.38 MB ( 19%) committed,  1 nodes.
      Class space:        1.00 GB reserved,       1.56 MB ( <1%) committed,  1 nodes.
             Both:        1.06 GB reserved,      13.94 MB (  1%) committed. 

Chunk freelists:
   Non-Class:  3.28 MB
       Class:  14.26 MB
        Both:  17.54 MB

MaxMetaspaceSize: unlimited
CompressedClassSpaceSize: 1.00 GB
Initial GC threshold: 21.00 MB
Current GC threshold: 21.00 MB
CDS: on
 - commit_granule_bytes: 65536.
 - commit_granule_words: 8192.
 - virtual_space_node_default_size: 8388608.
 - enlarge_chunks_in_place: 1.
UseCompressedClassPointers 1, UseCompactObjectHeaders 0
Narrow klass pointer bits 32, Max shift 3
Narrow klass base: 0x000001a131000000, Narrow klass shift: 0
Encoding Range: [0x000001a131000000 - 0x000001a231000000), (4294967296 bytes)
Klass Range:    [0x000001a131000000 - 0x000001a172000000), (1090519040 bytes)
Klass ID Range:  [8 - 1090519033) (1090519025)


Internal statistics:

num_allocs_failed_limit: 0.
num_arena_births: 464.
num_arena_deaths: 0.
num_vsnodes_births: 2.
num_vsnodes_deaths: 0.
num_space_committed: 223.
num_space_uncommitted: 0.
num_chunks_returned_to_freelist: 0.
num_chunks_taken_from_freelist: 881.
num_chunk_merges: 0.
num_chunk_splits: 583.
num_chunks_enlarged: 420.
num_inconsistent_stats: 0.

CodeHeap 'non-profiled nmethods': size=120064Kb used=1058Kb max_used=1058Kb free=119005Kb
 bounds [0x000001a121a60000, 0x000001a121cd0000, 0x000001a128fa0000]
CodeHeap 'profiled nmethods': size=120000Kb used=4742Kb max_used=4742Kb free=115257Kb
 bounds [0x000001a119fa0000, 0x000001a11a450000, 0x000001a1214d0000]
CodeHeap 'non-nmethods': size=5696Kb used=1394Kb max_used=1421Kb free=4301Kb
 bounds [0x000001a1214d0000, 0x000001a121740000, 0x000001a121a60000]
CodeCache: size=245760Kb, used=7194Kb, max_used=7221Kb, free=238563Kb
 total_blobs=3347, nmethods=2780, adapters=471, full_count=0
Compilation: enabled, stopped_count=0, restarted_count=0

Compilation events (20 events):
Event: 2.453 Thread 0x000001a1305dd5a0 nmethod 2701 0x000001a11a417108 code [0x000001a11a417220, 0x000001a11a4173c8]
Event: 2.453 Thread 0x000001a1305dd5a0 2702       3       org.objectweb.asm.ByteVector::putUTF8 (144 bytes)
Event: 2.454 Thread 0x000001a1305dd5a0 nmethod 2702 0x000001a11a417408 code [0x000001a11a4175e0, 0x000001a11a4182d8]
Event: 2.454 Thread 0x000001a1305dd5a0 2703       3       org.objectweb.asm.ByteVector::putByte (39 bytes)
Event: 2.454 Thread 0x000001a1305dd5a0 nmethod 2703 0x000001a11a418388 code [0x000001a11a4184a0, 0x000001a11a418680]
Event: 2.454 Thread 0x000001a1305dd5a0 2705       3       org.objectweb.asm.SymbolTable::put (150 bytes)
Event: 2.455 Thread 0x000001a1305dd5a0 nmethod 2705 0x000001a11a418708 code [0x000001a11a418860, 0x000001a11a4190a8]
Event: 2.455 Thread 0x000001a1305dd5a0 2704       3       org.objectweb.asm.Symbol::<init> (38 bytes)
Event: 2.455 Thread 0x000001a1305dd5a0 nmethod 2704 0x000001a11a419108 code [0x000001a11a419220, 0x000001a11a4194c8]
Event: 2.455 Thread 0x000001a1305dd5a0 2706       1       jdk.internal.classfile.impl.DirectClassBuilder::setInterfaces (6 bytes)
Event: 2.455 Thread 0x000001a1305dd5a0 nmethod 2706 0x000001a121b5e008 code [0x000001a121b5e120, 0x000001a121b5e238]
Event: 2.455 Thread 0x000001a1305dd5a0 2707       3       org.objectweb.asm.Frame::execute (2303 bytes)
Event: 2.456 Thread 0x000001a1761f9c40 nmethod 2688 0x000001a121b5e308 code [0x000001a121b5e4e0, 0x000001a121b5f7a0]
Event: 2.458 Thread 0x000001a1305dd5a0 nmethod 2707 0x000001a11a419508 code [0x000001a11a41a2c0, 0x000001a11a420e58]
Event: 2.458 Thread 0x000001a1305dd5a0 2708       3       java.lang.invoke.MethodHandles$Lookup::getDirectConstructor (7 bytes)
Event: 2.458 Thread 0x000001a1305dd5a0 nmethod 2708 0x000001a11a420f08 code [0x000001a11a421020, 0x000001a11a421150]
Event: 2.458 Thread 0x000001a1305dd5a0 2709       3       java.lang.invoke.MethodHandles$Lookup::getDirectConstructorCommon (59 bytes)
Event: 2.459 Thread 0x000001a1305dd5a0 nmethod 2709 0x000001a11a421208 code [0x000001a11a421380, 0x000001a11a421a20]
Event: 2.459 Thread 0x000001a1305dd5a0 2710       3       java.lang.invoke.InnerClassLambdaMetafactory::methodDesc (45 bytes)
Event: 2.460 Thread 0x000001a1305dd5a0 nmethod 2710 0x000001a11a421a88 code [0x000001a11a421d80, 0x000001a11a423aa0]

GC Heap History (2 events):
Event: 0.991 GC heap before
{Heap before GC invocations=0 (full 0):
 garbage-first heap   total reserved 4194304K, committed 264192K, used 50292K [0x0000000700000000, 0x0000000800000000)
  region size 2048K, 22 young (45056K), 0 survivors (0K)
 Metaspace       used 4441K, committed 4736K, reserved 1114112K
  class space    used 379K, committed 512K, reserved 1048576K
}
Event: 0.994 GC heap after
{Heap after GC invocations=1 (full 0):
 garbage-first heap   total reserved 4194304K, committed 264192K, used 11976K [0x0000000700000000, 0x0000000800000000)
  region size 2048K, 3 young (6144K), 3 survivors (6144K)
 Metaspace       used 4441K, committed 4736K, reserved 1114112K
  class space    used 379K, committed 512K, reserved 1048576K
}

Dll operation events (15 events):
Event: 0.019 Loaded shared library C:\Program Files\Java\jdk-24\bin\java.dll
Event: 0.056 Loaded shared library C:\Program Files\Java\jdk-24\bin\jsvml.dll
Event: 0.112 Loaded shared library C:\Program Files\Java\jdk-24\bin\zip.dll
Event: 0.117 Loaded shared library C:\Program Files\Java\jdk-24\bin\instrument.dll
Event: 0.121 Loaded shared library C:\Program Files\Java\jdk-24\bin\net.dll
Event: 0.122 Loaded shared library C:\Program Files\Java\jdk-24\bin\nio.dll
Event: 0.125 Loaded shared library C:\Program Files\Java\jdk-24\bin\zip.dll
Event: 0.333 Loaded shared library C:\Program Files\Java\jdk-24\bin\jimage.dll
Event: 0.490 Loaded shared library C:\Program Files\Java\jdk-24\bin\verify.dll
Event: 0.619 Loaded shared library C:\Users\sandya\.gradle\native\c067742578af261105cb4f569cf0c3c89f3d7b1fecec35dd04571415982c5e48\windows-amd64\native-platform.dll
Event: 0.624 Loaded shared library C:\Users\sandya\.gradle\native\100fb08df4bc3b14c8652ba06237920a3bd2aa13389f12d3474272988ae205f9\windows-amd64\native-platform-file-events.dll
Event: 1.734 Loaded shared library C:\Program Files\Java\jdk-24\bin\management.dll
Event: 1.735 Loaded shared library C:\Program Files\Java\jdk-24\bin\management_ext.dll
Event: 1.981 Loaded shared library C:\Program Files\Java\jdk-24\bin\extnet.dll
Event: 2.148 Loaded shared library C:\Program Files\Java\jdk-24\bin\sunmscapi.dll

Deoptimization events (20 events):
Event: 2.243 Thread 0x000001a177a70650 Uncommon trap: trap_request=0xffffffc6 fr.pc=0x000001a121acef60 relative=0x0000000000000520
Event: 2.243 Thread 0x000001a177a70650 Uncommon trap: reason=bimorphic_or_optimized_type_check action=maybe_recompile pc=0x000001a121acef60 method=java.util.HashMap.putVal(ILjava/lang/Object;Ljava/lang/Object;ZZ)Ljava/lang/Object; @ 253 c2
Event: 2.243 Thread 0x000001a177a70650 DEOPT PACKING pc=0x000001a121acef60 sp=0x000000707cdfebc0
Event: 2.243 Thread 0x000001a177a70650 DEOPT UNPACKING pc=0x000001a1215e4c02 sp=0x000000707cdfeb60 mode 2
Event: 2.262 Thread 0x000001a177a70650 Uncommon trap: trap_request=0xffffffcc fr.pc=0x000001a121b47e04 relative=0x00000000000003c4
Event: 2.262 Thread 0x000001a177a70650 Uncommon trap: reason=intrinsic_or_type_checked_inlining action=make_not_entrant pc=0x000001a121b47e04 method=java.util.Arrays.copyOf([Ljava/lang/Object;ILjava/lang/Class;)[Ljava/lang/Object; @ 35 c2
Event: 2.262 Thread 0x000001a177a70650 DEOPT PACKING pc=0x000001a121b47e04 sp=0x000000707cdfe350
Event: 2.262 Thread 0x000001a177a70650 DEOPT UNPACKING pc=0x000001a1215e4c02 sp=0x000000707cdfe2f8 mode 2
Event: 2.387 Thread 0x000001a177a70650 Uncommon trap: trap_request=0xffffff4d fr.pc=0x000001a121af20e8 relative=0x0000000000000208
Event: 2.387 Thread 0x000001a177a70650 Uncommon trap: reason=unstable_if action=reinterpret pc=0x000001a121af20e8 method=java.util.HashMap.getNode(Ljava/lang/Object;)Ljava/util/HashMap$Node; @ 66 c2
Event: 2.387 Thread 0x000001a177a70650 DEOPT PACKING pc=0x000001a121af20e8 sp=0x000000707cdfc8b0
Event: 2.387 Thread 0x000001a177a70650 DEOPT UNPACKING pc=0x000001a1215e4c02 sp=0x000000707cdfc7d0 mode 2
Event: 2.387 Thread 0x000001a177a70650 Uncommon trap: trap_request=0xffffff4d fr.pc=0x000001a121aa2140 relative=0x00000000000001e0
Event: 2.387 Thread 0x000001a177a70650 Uncommon trap: reason=unstable_if action=reinterpret pc=0x000001a121aa2140 method=java.util.HashMap.getNode(Ljava/lang/Object;)Ljava/util/HashMap$Node; @ 66 c2
Event: 2.387 Thread 0x000001a177a70650 DEOPT PACKING pc=0x000001a121aa2140 sp=0x000000707cdfc850
Event: 2.387 Thread 0x000001a177a70650 DEOPT UNPACKING pc=0x000001a1215e4c02 sp=0x000000707cdfc7d0 mode 2
Event: 2.394 Thread 0x000001a177a70650 Uncommon trap: trap_request=0xffffff4d fr.pc=0x000001a121addd3c relative=0x00000000000002fc
Event: 2.395 Thread 0x000001a177a70650 Uncommon trap: reason=unstable_if action=reinterpret pc=0x000001a121addd3c method=java.util.concurrent.ConcurrentHashMap.get(Ljava/lang/Object;)Ljava/lang/Object; @ 152 c2
Event: 2.395 Thread 0x000001a177a70650 DEOPT PACKING pc=0x000001a121addd3c sp=0x000000707cdfbef0
Event: 2.395 Thread 0x000001a177a70650 DEOPT UNPACKING pc=0x000001a1215e4c02 sp=0x000000707cdfbe68 mode 2

Classes loaded (20 events):
Event: 2.386 Loading class java/beans/Introspector$1
Event: 2.386 Loading class jdk/internal/access/JavaBeansAccess
Event: 2.386 Loading class jdk/internal/access/JavaBeansAccess done
Event: 2.386 Loading class java/beans/Introspector$1 done
Event: 2.387 Loading class java/lang/CloneNotSupportedException
Event: 2.387 Loading class java/lang/CloneNotSupportedException done
Event: 2.390 Loading class sun/reflect/generics/tree/BottomSignature
Event: 2.390 Loading class sun/reflect/generics/tree/BottomSignature done
Event: 2.390 Loading class sun/reflect/generics/tree/Wildcard
Event: 2.390 Loading class sun/reflect/generics/tree/Wildcard done
Event: 2.390 Loading class sun/reflect/generics/reflectiveObjects/WildcardTypeImpl
Event: 2.390 Loading class sun/reflect/generics/reflectiveObjects/WildcardTypeImpl done
Event: 2.393 Loading class java/lang/Deprecated
Event: 2.393 Loading class java/lang/Deprecated done
Event: 2.394 Loading class jdk/internal/vm/annotation/IntrinsicCandidate
Event: 2.394 Loading class jdk/internal/vm/annotation/IntrinsicCandidate done
Event: 2.416 Loading class java/lang/TypeNotPresentException
Event: 2.416 Loading class java/lang/TypeNotPresentException done
Event: 2.461 Loading class java/util/ConcurrentModificationException
Event: 2.479 Loading class java/util/ConcurrentModificationException done

Classes unloaded (0 events):
No events

Classes redefined (0 events):
No events

Internal exceptions (20 events):
Event: 1.785 Thread 0x000001a111707070 Exception <a 'java/lang/NoSuchMethodError'{0x000000070bad6000}: 'java.lang.Object java.lang.invoke.DirectMethodHandle$Holder.invokeStatic(java.lang.Object, java.lang.Object, java.lang.Object, java.lang.Object, java.lang.Object, java.lang.Object, java.lang.Object, java.lang.Object, java.lang.Object, java.lang.Object, java.lang.Object, java.lang.Object, java.lang.Object)'> (0x000000070bad6000) 
thrown [s\open\src\hotspot\share\interpreter\linkResolver.cpp, line 805]
Event: 1.787 Thread 0x000001a111707070 Exception <a 'java/lang/NoSuchMethodError'{0x000000070bb00968}: 'java.lang.Object java.lang.invoke.DirectMethodHandle$Holder.invokeStatic(java.lang.Object, java.lang.Object, java.lang.Object, java.lang.Object, java.lang.Object, java.lang.Object, java.lang.Object, java.lang.Object, java.lang.Object, java.lang.Object, java.lang.Object, java.lang.Object, java.lang.Object, java.lang.Object)'> (0x000000070bb00968) 
thrown [s\open\src\hotspot\share\interpreter\linkResolver.cpp, line 805]
Event: 1.789 Thread 0x000001a111707070 Exception <a 'java/lang/NoSuchMethodError'{0x000000070bb2c410}: 'java.lang.Object java.lang.invoke.DirectMethodHandle$Holder.invokeStatic(java.lang.Object, java.lang.Object, java.lang.Object, java.lang.Object, java.lang.Object, java.lang.Object, java.lang.Object, java.lang.Object, java.lang.Object, java.lang.Object, java.lang.Object, java.lang.Object, java.lang.Object, java.lang.Object, java.lang.Object)'> (0x000000070bb2c410) 
thrown [s\open\src\hotspot\share\interpreter\linkResolver.cpp, line 805]
Event: 1.790 Thread 0x000001a111707070 Exception <a 'java/lang/NoSuchMethodError'{0x000000070bb5afd0}: 'java.lang.Object java.lang.invoke.DirectMethodHandle$Holder.invokeStatic(java.lang.Object, java.lang.Object, java.lang.Object, java.lang.Object, java.lang.Object, java.lang.Object, java.lang.Object, java.lang.Object, java.lang.Object, java.lang.Object, java.lang.Object, java.lang.Object, java.lang.Object, java.lang.Object, java.lang.Object, java.lang.Object)'> (0x000000070bb5afd0) 
thrown [s\open\src\hotspot\share\interpreter\linkResolver.cpp
Event: 1.845 Thread 0x000001a111707070 Exception <a 'java/lang/NoSuchMethodError'{0x000000070b99c648}: 'java.lang.Object java.lang.invoke.DirectMethodHandle$Holder.invokeVirtual(java.lang.Object, java.lang.Object, java.lang.Object, java.lang.Object, java.lang.Object, java.lang.Object, java.lang.Object)'> (0x000000070b99c648) 
thrown [s\open\src\hotspot\share\interpreter\linkResolver.cpp, line 805]
Event: 1.859 Thread 0x000001a111707070 Exception <a 'java/lang/NoSuchMethodError'{0x000000070b665b08}: 'java.lang.Object java.lang.invoke.DirectMethodHandle$Holder.invokeVirtual(java.lang.Object, java.lang.Object, java.lang.Object, java.lang.Object, java.lang.Object, java.lang.Object, java.lang.Object, java.lang.Object, java.lang.Object)'> (0x000000070b665b08) 
thrown [s\open\src\hotspot\share\interpreter\linkResolver.cpp, line 805]
Event: 1.950 Thread 0x000001a111707070 Exception <a 'java/lang/NoSuchMethodError'{0x000000070b43f680}: 'java.lang.Object java.lang.invoke.DirectMethodHandle$Holder.invokeStaticInit(java.lang.Object, int, int, int, int)'> (0x000000070b43f680) 
thrown [s\open\src\hotspot\share\interpreter\linkResolver.cpp, line 805]
Event: 1.968 Thread 0x000001a111707070 Exception <a 'java/lang/NoSuchMethodError'{0x000000070b48fb18}: 'java.lang.Object java.lang.invoke.DirectMethodHandle$Holder.invokeStaticInit(java.lang.Object, java.lang.Object, int, int, int, int)'> (0x000000070b48fb18) 
thrown [s\open\src\hotspot\share\interpreter\linkResolver.cpp, line 805]
Event: 2.051 Thread 0x000001a111707070 Exception <a 'java/lang/NoSuchMethodError'{0x000000070b2ddc30}: 'java.lang.Object java.lang.invoke.DirectMethodHandle$Holder.newInvokeSpecial(java.lang.Object, java.lang.Object, java.lang.Object, int)'> (0x000000070b2ddc30) 
thrown [s\open\src\hotspot\share\interpreter\linkResolver.cpp, line 805]
Event: 2.051 Thread 0x000001a111707070 Exception <a 'java/lang/NoSuchMethodError'{0x000000070b2e6828}: 'java.lang.Object java.lang.invoke.Invokers$Holder.linkToTargetMethod(java.lang.Object, java.lang.Object, int, java.lang.Object)'> (0x000000070b2e6828) 
thrown [s\open\src\hotspot\share\interpreter\linkResolver.cpp, line 805]
Event: 2.055 Thread 0x000001a111707070 Exception <a 'java/lang/NoSuchMethodError'{0x000000070b3102f8}: 'long java.lang.invoke.DirectMethodHandle$Holder.invokeSpecial(java.lang.Object, java.lang.Object)'> (0x000000070b3102f8) 
thrown [s\open\src\hotspot\share\interpreter\linkResolver.cpp, line 805]
Event: 2.094 Thread 0x000001a111707070 Exception <a 'java/lang/NoSuchMethodError'{0x000000070b035480}: 'int java.lang.invoke.DirectMethodHandle$Holder.invokeStatic(java.lang.Object, int, java.lang.Object)'> (0x000000070b035480) 
thrown [s\open\src\hotspot\share\interpreter\linkResolver.cpp, line 805]
Event: 2.103 Thread 0x000001a111707070 Exception <a 'java/io/IOException'{0x000000070b075598}> (0x000000070b075598) 
thrown [s\open\src\hotspot\share\prims\jni.cpp, line 518]
Event: 2.109 Thread 0x000001a111707070 Implicit null exception at 0x000001a121ab3a94 to 0x000001a121ab4060
Event: 2.113 Thread 0x000001a111707070 Exception <a 'java/lang/NoSuchMethodError'{0x000000070b0dc960}: 'java.lang.Object java.lang.invoke.DirectMethodHandle$Holder.newInvokeSpecial(java.lang.Object, java.lang.Object, java.lang.Object, java.lang.Object, java.lang.Object)'> (0x000000070b0dc960) 
thrown [s\open\src\hotspot\share\interpreter\linkResolver.cpp, line 805]
Event: 2.296 Thread 0x000001a177a70650 Exception <a 'java/lang/NoSuchMethodError'{0x000000070a4b9290}: 'long java.lang.invoke.DirectMethodHandle$Holder.invokeInterface(java.lang.Object, java.lang.Object)'> (0x000000070a4b9290) 
thrown [s\open\src\hotspot\share\interpreter\linkResolver.cpp, line 805]
Event: 2.363 Thread 0x000001a177a70650 Exception <a 'java/lang/NoSuchMethodError'{0x000000070a1043c0}: 'void java.lang.invoke.DirectMethodHandle$Holder.invokeStatic(java.lang.Object, java.lang.Object)'> (0x000000070a1043c0) 
thrown [s\open\src\hotspot\share\interpreter\linkResolver.cpp, line 805]
Event: 2.369 Thread 0x000001a177a70650 Exception <a 'java/lang/NoSuchMethodError'{0x000000070a15fc58}: 'java.lang.Object java.lang.invoke.DirectMethodHandle$Holder.invokeVirtual(java.lang.Object, java.lang.Object, java.lang.Object, java.lang.Object, java.lang.Object, java.lang.Object, java.lang.Object, java.lang.Object, java.lang.Object, java.lang.Object, java.lang.Object, java.lang.Object)'> (0x000000070a15fc58) 
thrown [s\open\src\hotspot\share\interpreter\linkResolver.cpp, line 805]
Event: 2.400 Thread 0x000001a177a70650 Exception <a 'java/lang/NoSuchMethodError'{0x0000000709f745f8}: 'int java.lang.invoke.DirectMethodHandle$Holder.invokeVirtual(java.lang.Object, java.lang.Object, java.lang.Object)'> (0x0000000709f745f8) 
thrown [s\open\src\hotspot\share\interpreter\linkResolver.cpp, line 805]
Event: 2.445 Thread 0x000001a177a70650 Exception <a 'java/lang/NoSuchMethodError'{0x0000000709ddc900}: 'java.lang.Object java.lang.invoke.DirectMethodHandle$Holder.newInvokeSpecial(java.lang.Object, java.lang.Object, java.lang.Object, java.lang.Object, java.lang.Object, java.lang.Object)'> (0x0000000709ddc900) 
thrown [s\open\src\hotspot\share\interpreter\linkResolver.cpp, line 805]

VM Operations (20 events):
Event: 0.922 Executing VM operation: HandshakeAllThreads (Deoptimize)
Event: 0.922 Executing VM operation: HandshakeAllThreads (Deoptimize) done
Event: 0.991 Executing VM operation: G1CollectForAllocation (G1 Evacuation Pause)
Event: 0.994 Executing VM operation: G1CollectForAllocation (G1 Evacuation Pause) done
Event: 1.674 Executing VM operation: HandshakeAllThreads (Deoptimize)
Event: 1.674 Executing VM operation: HandshakeAllThreads (Deoptimize) done
Event: 1.674 Executing VM operation: HandshakeAllThreads (Deoptimize)
Event: 1.674 Executing VM operation: HandshakeAllThreads (Deoptimize) done
Event: 1.699 Executing VM operation: HandshakeAllThreads (Deoptimize)
Event: 1.699 Executing VM operation: HandshakeAllThreads (Deoptimize) done
Event: 1.762 Executing VM operation: HandshakeAllThreads (Deoptimize)
Event: 1.762 Executing VM operation: HandshakeAllThreads (Deoptimize) done
Event: 1.842 Executing VM operation: HandshakeAllThreads (Deoptimize)
Event: 1.842 Executing VM operation: HandshakeAllThreads (Deoptimize) done
Event: 1.888 Executing VM operation: HandshakeAllThreads (Deoptimize)
Event: 1.888 Executing VM operation: HandshakeAllThreads (Deoptimize) done
Event: 1.963 Executing VM operation: HandshakeAllThreads (Deoptimize)
Event: 1.963 Executing VM operation: HandshakeAllThreads (Deoptimize) done
Event: 2.132 Executing VM operation: HandshakeAllThreads (Deoptimize)
Event: 2.132 Executing VM operation: HandshakeAllThreads (Deoptimize) done

Memory protections (0 events):
No events

Nmethod flushes (0 events):
No events

Events (20 events):
Event: 0.050 Thread 0x000001a111707070 Thread added: 0x000001a1305c5850
Event: 0.050 Thread 0x000001a111707070 Thread added: 0x000001a1305c9600
Event: 0.050 Thread 0x000001a111707070 Thread added: 0x000001a1305ca130
Event: 0.050 Thread 0x000001a111707070 Thread added: 0x000001a1305cac60
Event: 0.050 Thread 0x000001a111707070 Thread added: 0x000001a1305cb790
Event: 0.050 Thread 0x000001a111707070 Thread added: 0x000001a1305cc5f0
Event: 0.052 Thread 0x000001a111707070 Thread added: 0x000001a1305dd5a0
Event: 0.119 Thread 0x000001a111707070 Thread added: 0x000001a130bf80f0
Event: 0.153 Thread 0x000001a111707070 Thread added: 0x000001a130c64690
Event: 0.323 Thread 0x000001a1305dd5a0 Thread added: 0x000001a1761f9c40
Event: 1.765 Thread 0x000001a111707070 Thread added: 0x000001a1777597f0
Event: 2.024 Thread 0x000001a111707070 Thread added: 0x000001a177835d70
Event: 2.132 Thread 0x000001a111707070 Thread added: 0x000001a177a92d40
Event: 2.178 Thread 0x000001a177835d70 Thread added: 0x000001a17790a080
Event: 2.187 Thread 0x000001a17790a080 Thread added: 0x000001a17790a7c0
Event: 2.230 Thread 0x000001a17790a080 Thread added: 0x000001a177a70da0
Event: 2.238 Thread 0x000001a17790a080 Thread added: 0x000001a177a70650
Event: 2.247 Thread 0x000001a177a70650 Thread added: 0x000001a177a714f0
Event: 2.260 Thread 0x000001a177a70650 Thread added: 0x000001a177a71c40
Event: 2.262 Thread 0x000001a177a70650 Thread added: 0x000001a177a72390


Dynamic libraries:
0x00007ff6b91b0000 - 0x00007ff6b91c0000 	C:\Program Files\Java\jdk-24\bin\java.exe
0x00007ff876890000 - 0x00007ff876aa7000 	C:\WINDOWS\SYSTEM32\ntdll.dll
0x00007ff875fe0000 - 0x00007ff8760a4000 	C:\WINDOWS\System32\KERNEL32.DLL
0x00007ff874140000 - 0x00007ff874513000 	C:\WINDOWS\System32\KERNELBASE.dll
0x00007ff873e60000 - 0x00007ff873f71000 	C:\WINDOWS\System32\ucrtbase.dll
0x00007ff823ba0000 - 0x00007ff823bb6000 	C:\Program Files\Java\jdk-24\bin\jli.dll
0x00007ff875e20000 - 0x00007ff875fd1000 	C:\WINDOWS\System32\USER32.dll
0x00007ff85b570000 - 0x00007ff85b80b000 	C:\WINDOWS\WinSxS\amd64_microsoft.windows.common-controls_6595b64144ccf1df_6.0.22621.5262_none_2712bde373830908\COMCTL32.dll
0x00007ff8753a0000 - 0x00007ff875447000 	C:\WINDOWS\System32\msvcrt.dll
0x00007ff875450000 - 0x00007ff875479000 	C:\WINDOWS\System32\GDI32.dll
0x00007ff873d30000 - 0x00007ff873e52000 	C:\WINDOWS\System32\gdi32full.dll
0x00007ff874110000 - 0x00007ff874136000 	C:\WINDOWS\System32\win32u.dll
0x00007ff874070000 - 0x00007ff87410a000 	C:\WINDOWS\System32\msvcp_win.dll
0x00007ff83f3e0000 - 0x00007ff83f3fb000 	C:\Program Files\Java\jdk-24\bin\VCRUNTIME140.dll
0x00007ff8756e0000 - 0x00007ff875711000 	C:\WINDOWS\System32\IMM32.DLL
0x00007ff8613e0000 - 0x00007ff8613ec000 	C:\Program Files\Java\jdk-24\bin\vcruntime140_1.dll
0x00007ff81f400000 - 0x00007ff81f48e000 	C:\Program Files\Java\jdk-24\bin\msvcp140.dll
0x00007fff9d0d0000 - 0x00007fff9de72000 	C:\Program Files\Java\jdk-24\bin\server\jvm.dll
0x00007ff875c50000 - 0x00007ff875d01000 	C:\WINDOWS\System32\ADVAPI32.dll
0x00007ff8767a0000 - 0x00007ff876847000 	C:\WINDOWS\System32\sechost.dll
0x00007ff873f80000 - 0x00007ff873fa8000 	C:\WINDOWS\System32\bcrypt.dll
0x00007ff875210000 - 0x00007ff875324000 	C:\WINDOWS\System32\RPCRT4.dll
0x00007ff874fb0000 - 0x00007ff875021000 	C:\WINDOWS\System32\WS2_32.dll
0x00007ff867a10000 - 0x00007ff867a44000 	C:\WINDOWS\SYSTEM32\WINMM.dll
0x00007ff8732f0000 - 0x00007ff87333d000 	C:\WINDOWS\SYSTEM32\POWRPROF.dll
0x00007ff86c260000 - 0x00007ff86c26a000 	C:\WINDOWS\SYSTEM32\VERSION.dll
0x00007ff873240000 - 0x00007ff873253000 	C:\WINDOWS\SYSTEM32\UMPDC.dll
0x00007ff872980000 - 0x00007ff872998000 	C:\WINDOWS\SYSTEM32\kernel.appcore.dll
0x00007ff854520000 - 0x00007ff85452a000 	C:\Program Files\Java\jdk-24\bin\jimage.dll
0x00007ff86bbe0000 - 0x00007ff86be12000 	C:\WINDOWS\SYSTEM32\DBGHELP.DLL
0x00007ff875830000 - 0x00007ff875bc3000 	C:\WINDOWS\System32\combase.dll
0x00007ff8760e0000 - 0x00007ff8761b7000 	C:\WINDOWS\System32\OLEAUT32.dll
0x00007ff8588d0000 - 0x00007ff858902000 	C:\WINDOWS\SYSTEM32\dbgcore.DLL
0x00007ff873b70000 - 0x00007ff873beb000 	C:\WINDOWS\System32\bcryptPrimitives.dll
0x00007ff852d20000 - 0x00007ff852d2f000 	C:\Program Files\Java\jdk-24\bin\instrument.dll
0x00007ff81f3e0000 - 0x00007ff81f3fe000 	C:\Program Files\Java\jdk-24\bin\java.dll
0x00007ff875480000 - 0x00007ff875621000 	C:\WINDOWS\System32\ole32.dll
0x00007ff874520000 - 0x00007ff874dbd000 	C:\WINDOWS\System32\SHELL32.dll
0x00007ff873bf0000 - 0x00007ff873d2f000 	C:\WINDOWS\System32\wintypes.dll
0x00007ff871870000 - 0x00007ff87218d000 	C:\WINDOWS\SYSTEM32\windows.storage.dll
0x00007ff875720000 - 0x00007ff87582b000 	C:\WINDOWS\System32\SHCORE.dll
0x00007ff875330000 - 0x00007ff875396000 	C:\WINDOWS\System32\shlwapi.dll
0x00007ff8738b0000 - 0x00007ff8738db000 	C:\WINDOWS\SYSTEM32\profapi.dll
0x00007ff80f5c0000 - 0x00007ff80f697000 	C:\Program Files\Java\jdk-24\bin\jsvml.dll
0x00007ff81f3a0000 - 0x00007ff81f3b7000 	C:\Program Files\Java\jdk-24\bin\zip.dll
0x00007ff8540d0000 - 0x00007ff8540e0000 	C:\Program Files\Java\jdk-24\bin\net.dll
0x00007ff872df0000 - 0x00007ff872e5a000 	C:\WINDOWS\system32\mswsock.dll
0x00007ff81f3c0000 - 0x00007ff81f3d6000 	C:\Program Files\Java\jdk-24\bin\nio.dll
0x00007ff83b750000 - 0x00007ff83b760000 	C:\Program Files\Java\jdk-24\bin\verify.dll
0x00007ff810200000 - 0x00007ff810227000 	C:\Users\sandya\.gradle\native\c067742578af261105cb4f569cf0c3c89f3d7b1fecec35dd04571415982c5e48\windows-amd64\native-platform.dll
0x00007fffbdc30000 - 0x00007fffbdd74000 	C:\Users\sandya\.gradle\native\100fb08df4bc3b14c8652ba06237920a3bd2aa13389f12d3474272988ae205f9\windows-amd64\native-platform-file-events.dll
0x00007ff83b280000 - 0x00007ff83b28a000 	C:\Program Files\Java\jdk-24\bin\management.dll
0x00007ff83a700000 - 0x00007ff83a70b000 	C:\Program Files\Java\jdk-24\bin\management_ext.dll
0x00007ff875030000 - 0x00007ff875038000 	C:\WINDOWS\System32\PSAPI.DLL
0x00007ff8731b0000 - 0x00007ff8731cb000 	C:\WINDOWS\SYSTEM32\CRYPTSP.dll
0x00007ff8728e0000 - 0x00007ff872917000 	C:\WINDOWS\system32\rsaenh.dll
0x00007ff872e90000 - 0x00007ff872eb8000 	C:\WINDOWS\SYSTEM32\USERENV.dll
0x00007ff873120000 - 0x00007ff87312c000 	C:\WINDOWS\SYSTEM32\CRYPTBASE.dll
0x00007ff8723f0000 - 0x00007ff87241d000 	C:\WINDOWS\SYSTEM32\IPHLPAPI.DLL
0x00007ff875c20000 - 0x00007ff875c29000 	C:\WINDOWS\System32\NSI.dll
0x00007ff838d60000 - 0x00007ff838d69000 	C:\Program Files\Java\jdk-24\bin\extnet.dll
0x00007ff852d10000 - 0x00007ff852d1e000 	C:\Program Files\Java\jdk-24\bin\sunmscapi.dll
0x00007ff873a00000 - 0x00007ff873b67000 	C:\WINDOWS\System32\CRYPT32.dll
0x00007ff873340000 - 0x00007ff87336d000 	C:\WINDOWS\SYSTEM32\ncrypt.dll
0x00007ff873290000 - 0x00007ff8732c7000 	C:\WINDOWS\SYSTEM32\NTASN1.dll
0x00007ff86d190000 - 0x00007ff86d198000 	C:\WINDOWS\system32\wshunix.dll

JVMTI agents:
C:\Users\sandya\.gradle\wrapper\dists\gradle-8.11.1-bin\bpt9gzteqjrbo1mjrsomdt32c\gradle-8.11.1\lib\agents\gradle-instrumentation-agent-8.11.1.jar path:C:\Program Files\Java\jdk-24\bin\instrument.dll, loaded, initialized, instrumentlib options:none

dbghelp: loaded successfully - version: 4.0.5 - missing functions: none
symbol engine: initialized successfully - sym options: 0x614 - pdb path: .;C:\Program Files\Java\jdk-24\bin;C:\WINDOWS\SYSTEM32;C:\WINDOWS\WinSxS\amd64_microsoft.windows.common-controls_6595b64144ccf1df_6.0.22621.5262_none_2712bde373830908;C:\Program Files\Java\jdk-24\bin\server;C:\Users\sandya\.gradle\native\c067742578af261105cb4f569cf0c3c89f3d7b1fecec35dd04571415982c5e48\windows-amd64;C:\Users\sandya\.gradle\native\100fb08df4bc3b14c8652ba06237920a3bd2aa13389f12d3474272988ae205f9\windows-amd64

VM Arguments:
jvm_args: --add-opens=java.base/java.lang=ALL-UNNAMED --add-opens=java.base/java.lang.invoke=ALL-UNNAMED --add-opens=java.base/java.util=ALL-UNNAMED --add-opens=java.prefs/java.util.prefs=ALL-UNNAMED --add-exports=jdk.compiler/com.sun.tools.javac.api=ALL-UNNAMED --add-exports=jdk.compiler/com.sun.tools.javac.util=ALL-UNNAMED --add-opens=java.base/java.util=ALL-UNNAMED --add-opens=java.prefs/java.util.prefs=ALL-UNNAMED --add-opens=java.base/java.nio.charset=ALL-UNNAMED --add-opens=java.base/java.net=ALL-UNNAMED --add-opens=java.base/java.util.concurrent.atomic=ALL-UNNAMED --add-opens=java.xml/javax.xml.namespace=ALL-UNNAMED -XX:+HeapDumpOnOutOfMemoryError -Xmx4096m -Dfile.encoding=UTF-8 -Duser.country=US -Duser.language=en -Duser.variant -javaagent:C:\Users\sandya\.gradle\wrapper\dists\gradle-8.11.1-bin\bpt9gzteqjrbo1mjrsomdt32c\gradle-8.11.1\lib\agents\gradle-instrumentation-agent-8.11.1.jar 
java_command: org.gradle.launcher.daemon.bootstrap.GradleDaemon 8.11.1
java_class_path (initial): C:\Users\sandya\.gradle\wrapper\dists\gradle-8.11.1-bin\bpt9gzteqjrbo1mjrsomdt32c\gradle-8.11.1\lib\gradle-daemon-main-8.11.1.jar
Launcher Type: SUN_STANDARD

[Global flags]
     intx CICompilerCount                          = 3                                         {product} {ergonomic}
     uint ConcGCThreads                            = 2                                         {product} {ergonomic}
     uint G1ConcRefinementThreads                  = 6                                         {product} {ergonomic}
   size_t G1HeapRegionSize                         = 2097152                                   {product} {ergonomic}
     bool HeapDumpOnOutOfMemoryError               = true                                   {manageable} {command line}
   size_t InitialHeapSize                          = 268435456                                 {product} {ergonomic}
   size_t MarkStackSize                            = 4194304                                   {product} {ergonomic}
   size_t MarkStackSizeMax                         = 536870912                                 {product} {ergonomic}
   size_t MaxHeapSize                              = 4294967296                                {product} {command line}
   size_t MaxNewSize                               = 2575302656                                {product} {ergonomic}
   size_t MinHeapDeltaBytes                        = 2097152                                   {product} {ergonomic}
   size_t MinHeapSize                              = 8388608                                   {product} {ergonomic}
    uintx NonNMethodCodeHeapSize                   = 5832704                                {pd product} {ergonomic}
    uintx NonProfiledCodeHeapSize                  = 122945536                              {pd product} {ergonomic}
    uintx ProfiledCodeHeapSize                     = 122880000                              {pd product} {ergonomic}
    uintx ReservedCodeCacheSize                    = 251658240                              {pd product} {ergonomic}
     bool SegmentedCodeCache                       = true                                      {product} {ergonomic}
   size_t SoftMaxHeapSize                          = 4294967296                             {manageable} {ergonomic}
     bool UseCompressedOops                        = true                           {product lp64_product} {ergonomic}
     bool UseG1GC                                  = true                                      {product} {ergonomic}
     bool UseLargePagesIndividualAllocation        = false                                  {pd product} {ergonomic}

Logging:
Log output configuration:
 #0: stdout all=warning uptime,level,tags foldmultilines=false
 #1: stderr all=off uptime,level,tags foldmultilines=false

Environment Variables:
CLASSPATH=C:\Users\sandya\AndroidStudioProjects\GMLS\\gradle\wrapper\gradle-wrapper.jar
PATH=C:\Program Files\Common Files\Oracle\Java\javapath;C:\Program Files (x86)\Common Files\Oracle\Java\java8path;C:\Program Files (x86)\Common Files\Oracle\Java\javapath;C:\Program Files (x86)\Razer Chroma SDK\bin;C:\Program Files\Razer Chroma SDK\bin;C:\Program Files (x86)\Razer\ChromaBroadcast\bin;C:\Program Files\Razer\ChromaBroadcast\bin;C:\WINDOWS\system32;C:\WINDOWS;C:\WINDOWS\System32\Wbem;C:\WINDOWS\System32\WindowsPowerShell\v1.0\;C:\WINDOWS\System32\OpenSSH\;C:\Program Files (x86)\NVIDIA Corporation\PhysX\Common;C:\Program Files\dotnet\;C:\WINDOWS\system32\config\systemprofile\AppData\Local\Microsoft\WindowsApps;C:\Users\sandya\AppData\Local\Microsoft\WindowsApps;C:\Program Files\swipl\bin;C:\ProgramData\ComposerSetup\bin;C:\Program Files\nodejs\;C:\WINDOWS\system32;C:\WINDOWS;C:\WINDOWS\System32\Wbem;C:\WINDOWS\System32\WindowsPowerShell\v1.0\;C:\WINDOWS\System32\OpenSSH\;C:\Program Files\NVIDIA Corporation\NVIDIA app\NvDLISR;d:\cursor\resources\app\bin;C:\Program Files\Git\cmd;C:\Program Files\Git LFS;D:\MikTeX\miktex\bin\x64\;C:\Strawberry\c\bin;C:\Strawberry\perl\site\bin;C:\Strawberry\perl\bin;C:\Users\sandya\AppData\Local\Programs\Python\Python312\Scripts\;C:\Users\sandya\AppData\Local\Programs\Python\Python312\;C:\Users\sandya\AppData\Local\Programs\Python\Python311\Scripts\;C:\Users\sandya\AppData\Local\Programs\Python\Python311\;C:\Users\sandya\AppData\Local\Microsoft\WindowsApps;C:\Users\sandya\AppData\Local\Programs\Microsoft VS Code\bin;C:\Users\sandya\AppData\Local\GitHubDesktop\bin;C:\xampp\php;C:\Users\sandya\AppData\Roaming\Composer\vendor\bin;C:\Users\sandya\AppData\Roaming\npm;D:\cursor\resources\app\bin;D:\Windsurf\bin
USERNAME=sandya
LANG=en_US.UTF-8
OS=Windows_NT
PROCESSOR_IDENTIFIER=Intel64 Family 6 Model 158 Stepping 10, GenuineIntel
TMP=C:\Users\sandya\AppData\Local\Temp
TEMP=C:\Users\sandya\AppData\Local\Temp




Periodic native trim disabled

---------------  S Y S T E M  ---------------

OS:
 Windows 11 , 64 bit Build 22621 (10.0.22621.5262)
OS uptime: 1 days 23:48 hours
Hyper-V role detected

CPU: total 6 (initial active 6) (6 cores per cpu, 1 threads per core) family 6 model 158 stepping 10 microcode 0xde, cx8, cmov, fxsr, mmx, 3dnowpref, sse, sse2, sse3, ssse3, sse4.1, sse4.2, popcnt, lzcnt, tsc, tscinvbit, avx, avx2, aes, erms, clmul, bmi1, bmi2, adx, fma, vzeroupper, clflush, clflushopt, hv, rdtscp, f16c
Processor Information for the first 6 processors :
  Max Mhz: 2808, Current Mhz: 2808, Mhz Limit: 2808

Memory: 4k page, system-wide physical 16318M (704M free)
TotalPageFile size 26065M (AvailPageFile size 13M)
current process WorkingSet (physical memory assigned to process): 197M, peak: 197M
current process commit charge ("private bytes"): 390M, peak: 395M

vm_info: Java HotSpot(TM) 64-Bit Server VM (24.0.1+9-30) for windows-amd64 JRE (24.0.1+9-30), built on 2025-03-05T07:23:45Z with MS VC++ 17.6 (VS2022)

END.
