kotlin version: 2.1.0
error message: org.jetbrains.kotlin.util.FileAnalysisException: Somewhere in file C:/Users/sandya/AndroidStudioProjects/GMLS/app/src/main/java/com/example/gmls/ui/screens/admin/AdminDashboardScreen.kt: org.jetbrains.kotlin.utils.exceptions.KotlinIllegalArgumentExceptionWithAttachments: Exception in declaration checker
	at org.jetbrains.kotlin.util.AnalysisExceptionsKt.wrapIntoFileAnalysisExceptionIfNeeded(AnalysisExceptions.kt:55)
	at org.jetbrains.kotlin.fir.FirCliExceptionHandler.handleExceptionOnFileAnalysis(Utils.kt:249)
	at org.jetbrains.kotlin.fir.pipeline.AnalyseKt.runCheckers(analyse.kt:68)
	at org.jetbrains.kotlin.fir.pipeline.FirUtilsKt.resolveAndCheckFir(firUtils.kt:77)
	at org.jetbrains.kotlin.fir.pipeline.FirUtilsKt.buildResolveAndCheckFirViaLightTree(firUtils.kt:88)
	at org.jetbrains.kotlin.cli.jvm.compiler.pipeline.JvmCompilerPipelineLightTreeKt.compileModuleToAnalyzedFirViaLightTreeIncrementally(jvmCompilerPipelineLightTree.kt:347)
	at org.jetbrains.kotlin.cli.jvm.compiler.pipeline.JvmCompilerPipelineLightTreeKt.compileModuleToAnalyzedFirViaLightTree(jvmCompilerPipelineLightTree.kt:272)
	at org.jetbrains.kotlin.cli.jvm.compiler.pipeline.JvmCompilerPipelineLightTreeKt.compileModule(jvmCompilerPipelineLightTree.kt:250)
	at org.jetbrains.kotlin.cli.jvm.compiler.pipeline.JvmCompilerPipelineLightTreeKt.compileSingleModuleUsingFrontendIrAndLightTree(jvmCompilerPipelineLightTree.kt:231)
	at org.jetbrains.kotlin.cli.jvm.compiler.pipeline.JvmCompilerPipelineLightTreeKt.compileModulesUsingFrontendIrAndLightTree(jvmCompilerPipelineLightTree.kt:86)
	at org.jetbrains.kotlin.cli.jvm.K2JVMCompiler.doExecute(K2JVMCompiler.kt:146)
	at org.jetbrains.kotlin.cli.jvm.K2JVMCompiler.doExecute(K2JVMCompiler.kt:43)
	at org.jetbrains.kotlin.cli.common.CLICompiler.execImpl(CLICompiler.kt:102)
	at org.jetbrains.kotlin.cli.common.CLICompiler.exec(CLICompiler.kt:316)
	at org.jetbrains.kotlin.incremental.IncrementalJvmCompilerRunner.runCompiler(IncrementalJvmCompilerRunner.kt:464)
	at org.jetbrains.kotlin.incremental.IncrementalJvmCompilerRunner.runCompiler(IncrementalJvmCompilerRunner.kt:73)
	at org.jetbrains.kotlin.incremental.IncrementalCompilerRunner.doCompile(IncrementalCompilerRunner.kt:506)
	at org.jetbrains.kotlin.incremental.IncrementalCompilerRunner.compileImpl(IncrementalCompilerRunner.kt:423)
	at org.jetbrains.kotlin.incremental.IncrementalCompilerRunner.tryCompileIncrementally$lambda$9$compile(IncrementalCompilerRunner.kt:249)
	at org.jetbrains.kotlin.incremental.IncrementalCompilerRunner.tryCompileIncrementally(IncrementalCompilerRunner.kt:267)
	at org.jetbrains.kotlin.incremental.IncrementalCompilerRunner.compile(IncrementalCompilerRunner.kt:120)
	at org.jetbrains.kotlin.daemon.CompileServiceImplBase.execIncrementalCompiler(CompileServiceImpl.kt:674)
	at org.jetbrains.kotlin.daemon.CompileServiceImplBase.access$execIncrementalCompiler(CompileServiceImpl.kt:91)
	at org.jetbrains.kotlin.daemon.CompileServiceImpl.compile(CompileServiceImpl.kt:1659)
	at java.base/jdk.internal.reflect.DirectMethodHandleAccessor.invoke(Unknown Source)
	at java.base/java.lang.reflect.Method.invoke(Unknown Source)
	at java.rmi/sun.rmi.server.UnicastServerRef.dispatch(Unknown Source)
	at java.rmi/sun.rmi.transport.Transport$1.run(Unknown Source)
	at java.rmi/sun.rmi.transport.Transport$1.run(Unknown Source)
	at java.base/java.security.AccessController.doPrivileged(Unknown Source)
	at java.rmi/sun.rmi.transport.Transport.serviceCall(Unknown Source)
	at java.rmi/sun.rmi.transport.tcp.TCPTransport.handleMessages(Unknown Source)
	at java.rmi/sun.rmi.transport.tcp.TCPTransport$ConnectionHandler.run0(Unknown Source)
	at java.rmi/sun.rmi.transport.tcp.TCPTransport$ConnectionHandler.lambda$run$0(Unknown Source)
	at java.base/java.security.AccessController.doPrivileged(Unknown Source)
	at java.rmi/sun.rmi.transport.tcp.TCPTransport$ConnectionHandler.run(Unknown Source)
	at java.base/java.util.concurrent.ThreadPoolExecutor.runWorker(Unknown Source)
	at java.base/java.util.concurrent.ThreadPoolExecutor$Worker.run(Unknown Source)
	at java.base/java.lang.Thread.run(Unknown Source)
Caused by: org.jetbrains.kotlin.utils.exceptions.KotlinIllegalArgumentExceptionWithAttachments: Exception in declaration checker
	at org.jetbrains.kotlin.fir.analysis.collectors.components.DeclarationCheckersDiagnosticComponent.visitFile(DeclarationCheckersDiagnosticComponent.kt:184)
	at org.jetbrains.kotlin.fir.analysis.collectors.components.DeclarationCheckersDiagnosticComponent.visitFile(DeclarationCheckersDiagnosticComponent.kt:21)
	at org.jetbrains.kotlin.fir.declarations.FirFile.accept(FirFile.kt:42)
	at org.jetbrains.kotlin.fir.analysis.collectors.CheckerRunningDiagnosticCollectorVisitor.checkElement(CheckerRunningDiagnosticCollectorVisitor.kt:24)
	at org.jetbrains.kotlin.fir.analysis.collectors.AbstractDiagnosticCollectorVisitor.access$checkElement(AbstractDiagnosticCollectorVisitor.kt:30)
	at org.jetbrains.kotlin.fir.analysis.collectors.AbstractDiagnosticCollectorVisitor.visitFile(AbstractDiagnosticCollectorVisitor.kt:1141)
	at org.jetbrains.kotlin.fir.analysis.collectors.AbstractDiagnosticCollectorVisitor.visitFile(AbstractDiagnosticCollectorVisitor.kt:30)
	at org.jetbrains.kotlin.fir.declarations.FirFile.accept(FirFile.kt:42)
	at org.jetbrains.kotlin.fir.analysis.collectors.AbstractDiagnosticCollector.collectDiagnostics(AbstractDiagnosticCollector.kt:36)
	at org.jetbrains.kotlin.fir.pipeline.AnalyseKt.runCheckers(analyse.kt:37)
	... 36 more
Caused by: java.lang.IllegalStateException: Could not read file: C:/Users/sandya/.gradle/caches/8.9/transforms/eb1f7efc581dd15cf64e32d127fcfdfc/transformed/navigation-compose-release-api.jar!/androidx/navigation/compose/NavHostControllerKt__NavHostControllerKt.class; size in bytes: 2330; file type: CLASS
	at org.jetbrains.kotlin.load.kotlin.VirtualFileKotlinClass$Factory.logFileReadingErrorMessage(VirtualFileKotlinClass.kt:77)
	at org.jetbrains.kotlin.load.kotlin.VirtualFileKotlinClass$Factory.create$lambda$3(VirtualFileKotlinClass.kt:68)
	at org.jetbrains.kotlin.util.PerformanceCounter.time(PerformanceCounter.kt:90)
	at org.jetbrains.kotlin.load.kotlin.VirtualFileKotlinClass$Factory.create$frontend_common_jvm(VirtualFileKotlinClass.kt:51)
	at org.jetbrains.kotlin.load.kotlin.KotlinBinaryClassCache$Companion.getKotlinBinaryClassOrClassFileContent$lambda$0(KotlinBinaryClassCache.kt:89)
	at org.jetbrains.kotlin.com.intellij.mock.MockApplication.runReadAction(MockApplication.java:190)
	at org.jetbrains.kotlin.load.kotlin.KotlinBinaryClassCache$Companion.getKotlinBinaryClassOrClassFileContent(KotlinBinaryClassCache.kt:88)
	at org.jetbrains.kotlin.load.kotlin.KotlinBinaryClassCache$Companion.getKotlinBinaryClassOrClassFileContent$default(KotlinBinaryClassCache.kt:72)
	at org.jetbrains.kotlin.load.kotlin.VirtualFileFinder.findKotlinClassOrContent(VirtualFileFinder.kt:37)
	at org.jetbrains.kotlin.fir.java.deserialization.JvmClassFileBasedSymbolProvider.computePackagePartInfo(JvmClassFileBasedSymbolProvider.kt:80)
	at org.jetbrains.kotlin.fir.java.deserialization.JvmClassFileBasedSymbolProvider.computePackagePartsInfos(JvmClassFileBasedSymbolProvider.kt:71)
	at org.jetbrains.kotlin.fir.deserialization.AbstractFirDeserializedSymbolProvider.tryComputePackagePartInfos(AbstractFirDeserializedSymbolProvider.kt:212)
	at org.jetbrains.kotlin.fir.deserialization.AbstractFirDeserializedSymbolProvider.access$tryComputePackagePartInfos(AbstractFirDeserializedSymbolProvider.kt:94)
	at org.jetbrains.kotlin.fir.deserialization.AbstractFirDeserializedSymbolProvider$special$$inlined$createCache$2.invoke(FirCachesFactory.kt:73)
	at org.jetbrains.kotlin.fir.deserialization.AbstractFirDeserializedSymbolProvider$special$$inlined$createCache$2.invoke(FirCachesFactory.kt:71)
	at org.jetbrains.kotlin.fir.caches.FirThreadUnsafeCache.getValue(FirThreadUnsafeCachesFactory.kt:40)
	at org.jetbrains.kotlin.fir.deserialization.AbstractFirDeserializedSymbolProvider.getPackageParts(AbstractFirDeserializedSymbolProvider.kt:412)
	at org.jetbrains.kotlin.fir.deserialization.AbstractFirDeserializedSymbolProvider.access$getPackageParts(AbstractFirDeserializedSymbolProvider.kt:94)
	at org.jetbrains.kotlin.fir.deserialization.AbstractFirDeserializedSymbolProvider$special$$inlined$createCache$1.invoke(FirCachesFactory.kt:73)
	at org.jetbrains.kotlin.fir.deserialization.AbstractFirDeserializedSymbolProvider$special$$inlined$createCache$1.invoke(FirCachesFactory.kt:71)
	at org.jetbrains.kotlin.fir.caches.FirThreadUnsafeCache.getValue(FirThreadUnsafeCachesFactory.kt:40)
	at org.jetbrains.kotlin.fir.deserialization.AbstractFirDeserializedSymbolProvider$symbolNamesProvider$1.computeTopLevelClassifierNames(AbstractFirDeserializedSymbolProvider.kt:384)
	at org.jetbrains.kotlin.fir.resolve.providers.FirCachedSymbolNamesProvider$special$$inlined$createCache$1.invoke(FirCachesFactory.kt:73)
	at org.jetbrains.kotlin.fir.resolve.providers.FirCachedSymbolNamesProvider$special$$inlined$createCache$1.invoke(FirCachesFactory.kt:71)
	at org.jetbrains.kotlin.fir.caches.FirThreadUnsafeCache.getValue(FirThreadUnsafeCachesFactory.kt:40)
	at org.jetbrains.kotlin.fir.resolve.providers.FirCachedSymbolNamesProvider.getTopLevelClassifierNamesInPackageSkippingPackageCheck(FirCachedSymbolNamesProvider.kt:186)
	at org.jetbrains.kotlin.fir.resolve.providers.FirCachedSymbolNamesProvider.getTopLevelClassifierNamesInPackage(FirCachedSymbolNamesProvider.kt:86)
	at org.jetbrains.kotlin.fir.resolve.providers.FirCompositeCachedSymbolNamesProvider.computeTopLevelClassifierNames(FirCachedSymbolNamesProvider.kt:144)
	at org.jetbrains.kotlin.fir.resolve.providers.impl.FirCachingCompositeSymbolProvider$symbolNamesProvider$1.computeTopLevelClassifierNames(FirCachingCompositeSymbolProvider.kt:47)
	at org.jetbrains.kotlin.fir.resolve.providers.FirCachedSymbolNamesProvider$special$$inlined$createCache$1.invoke(FirCachesFactory.kt:73)
	at org.jetbrains.kotlin.fir.resolve.providers.FirCachedSymbolNamesProvider$special$$inlined$createCache$1.invoke(FirCachesFactory.kt:71)
	at org.jetbrains.kotlin.fir.caches.FirThreadUnsafeCache.getValue(FirThreadUnsafeCachesFactory.kt:40)
	at org.jetbrains.kotlin.fir.resolve.providers.FirCachedSymbolNamesProvider.getTopLevelClassifierNamesInPackageSkippingPackageCheck(FirCachedSymbolNamesProvider.kt:186)
	at org.jetbrains.kotlin.fir.resolve.providers.impl.FirCachingCompositeSymbolProvider$symbolNamesProvider$1.getTopLevelClassifierNamesInPackage(FirCachingCompositeSymbolProvider.kt:81)
	at org.jetbrains.kotlin.fir.resolve.providers.FirSymbolNamesProvider.mayHaveTopLevelClassifier(FirSymbolNamesProvider.kt:109)
	at org.jetbrains.kotlin.fir.resolve.providers.impl.FirCachingCompositeSymbolProvider.getClassLikeSymbolByClassId(FirCachingCompositeSymbolProvider.kt:124)
	at org.jetbrains.kotlin.fir.analysis.checkers.declaration.FirImportsChecker.resolveToClassLike(FirImportsChecker.kt:258)
	at org.jetbrains.kotlin.fir.analysis.checkers.declaration.FirImportsChecker.resolveToClass(FirImportsChecker.kt:262)
	at org.jetbrains.kotlin.fir.analysis.checkers.declaration.FirImportsChecker.checkCanBeImported(FirImportsChecker.kt:149)
	at org.jetbrains.kotlin.fir.analysis.checkers.declaration.FirImportsChecker.check(FirImportsChecker.kt:51)
	at org.jetbrains.kotlin.fir.analysis.checkers.declaration.FirImportsChecker.check(FirImportsChecker.kt:40)
	at org.jetbrains.kotlin.fir.analysis.collectors.components.DeclarationCheckersDiagnosticComponent.visitFile(DeclarationCheckersDiagnosticComponent.kt:172)
	... 45 more
Caused by: java.lang.RuntimeException: java.io.FileNotFoundException: C:\Users\sandya\.gradle\caches\8.9\transforms\eb1f7efc581dd15cf64e32d127fcfdfc\transformed\navigation-compose-release-api.jar (The system cannot find the path specified)
	at org.jetbrains.kotlin.com.intellij.util.io.FileAccessorCache.createHandle(FileAccessorCache.java:56)
	at org.jetbrains.kotlin.com.intellij.util.io.FileAccessorCache.get(FileAccessorCache.java:39)
	at org.jetbrains.kotlin.cli.jvm.compiler.jarfs.FastJarHandler.contentsToByteArray(FastJarHandler.kt:112)
	at org.jetbrains.kotlin.cli.jvm.compiler.jarfs.FastJarVirtualFile.contentsToByteArray(FastJarVirtualFile.kt:89)
	at org.jetbrains.kotlin.com.intellij.openapi.vfs.VirtualFile.contentsToByteArray(VirtualFile.java:627)
	at org.jetbrains.kotlin.load.kotlin.VirtualFileKotlinClass$Factory.create$lambda$3(VirtualFileKotlinClass.kt:55)
	... 85 more
Caused by: java.io.FileNotFoundException: C:\Users\sandya\.gradle\caches\8.9\transforms\eb1f7efc581dd15cf64e32d127fcfdfc\transformed\navigation-compose-release-api.jar (The system cannot find the path specified)
	at java.base/java.io.RandomAccessFile.open0(Native Method)
	at java.base/java.io.RandomAccessFile.open(Unknown Source)
	at java.base/java.io.RandomAccessFile.<init>(Unknown Source)
	at java.base/java.io.RandomAccessFile.<init>(Unknown Source)
	at org.jetbrains.kotlin.cli.jvm.compiler.jarfs.FastJarFileSystem$cachedOpenFileHandles$1.createAccessor(FastJarFileSystem.kt:31)
	at org.jetbrains.kotlin.cli.jvm.compiler.jarfs.FastJarFileSystem$cachedOpenFileHandles$1.createAccessor(FastJarFileSystem.kt:28)
	at org.jetbrains.kotlin.com.intellij.util.io.FileAccessorCache.createHandle(FileAccessorCache.java:45)
	... 90 more


